C51 COMPILER V9.50a   LAB1Q1                                                               12/20/2021 13:11:10 PAGE 1   


C51 COMPILER V9.50a, COMPILATION OF MODULE LAB1Q1
OBJECT MODULE PLACED IN lab1q1.OBJ
COMPILER INVOKED BY: C:\Keil\C51\BIN\C51.EXE lab1q1.c BROWSE DEBUG OBJECTEXTEND TABS(2)

line level    source

   1          #include <reg51.h>
   2          
   3          char data d[4] _at_ 0x40;
   4          void delay(int time)
   5          {
   6   1        unsigned int i,j;
   7   1        for (i=0; i<time; i++)
   8   1        for (j=0; j<125; j++);
   9   1      }
  10          void main(void)
  11          {
  12   1        unsigned long a = 0x897f9a;
  13   1        unsigned long b = 0x34bc48;
  14   1        unsigned long c = a + b;
  15   1        unsigned int i;
  16   1        for(i=0; i<4; i++){
  17   2          d[i] = c%0x100;
  18   2          c >>= 8;
  19   2        }
  20   1        while(1)
  21   1        for(i=0; i<4; i++){
  22   2          P0 = d[i];
  23   2          delay(1000);
  24   2        }
  25   1      }


MODULE INFORMATION:   STATIC OVERLAYABLE
   CODE SIZE        =    169    ----
   CONSTANT SIZE    =   ----    ----
   XDATA SIZE       =   ----    ----
   PDATA SIZE       =   ----    ----
   DATA SIZE        =   ----      14
   IDATA SIZE       =   ----    ----
   BIT SIZE         =   ----    ----
END OF MODULE INFORMATION.


C51 COMPILATION COMPLETE.  0 WARNING(S),  0 ERROR(S)
