C51 COMPILER V9.50a   LAB1Q2                                                               12/20/2021 13:16:17 PAGE 1   


C51 COMPILER V9.50a, COMPILATION OF MODULE LAB1Q2
OBJECT MODULE PLACED IN lab1q2.OBJ
COMPILER INVOKED BY: C:\Keil\C51\BIN\C51.EXE lab1q2.c BROWSE DEBUG OBJECTEXTEND TABS(2)

line level    source

   1          #include<reg51.h>
   2          void delay(int time)
   3          {
   4   1      unsigned int i,j;
   5   1      for (i=0; i<time; i++)
   6   1      for (j=0; j<125; j++);
   7   1      }
   8          void main()
   9          {
  10   1      unsigned char value = 0xb6;
  11   1      unsigned char ivalue;
  12   1      unsigned char a,b;
  13   1      a = value / 0x10;
  14   1      b = value % 0x10;
  15   1      ivalue = b * (0x10) + a;
  16   1      while(1)
  17   1      {
  18   2      P0 = value;
  19   2      delay(1000);
  20   2      P0 = ivalue;
  21   2      delay(1000);
  22   2      }
  23   1      }


MODULE INFORMATION:   STATIC OVERLAYABLE
   CODE SIZE        =     65    ----
   CONSTANT SIZE    =   ----    ----
   XDATA SIZE       =   ----    ----
   PDATA SIZE       =   ----    ----
   DATA SIZE        =   ----       1
   IDATA SIZE       =   ----    ----
   BIT SIZE         =   ----    ----
END OF MODULE INFORMATION.


C51 COMPILATION COMPLETE.  0 WARNING(S),  0 ERROR(S)
