C51 COMPILER V9.50a   LAB1Q6A                                                              12/20/2021 13:09:39 PAGE 1   


C51 COMPILER V9.50a, COMPILATION OF MODULE LAB1Q6A
OBJECT MODULE PLACED IN lab1q6a.OBJ
COMPILER INVOKED BY: C:\Keil\C51\BIN\C51.EXE lab1q6a.c BROWSE DEBUG OBJECTEXTEND TABS(2)

line level    source

   1          //ascending order using bubble sort
   2          #include <reg51.h>
   3          unsigned char data a[10] _at_ 0x60;
   4          void delay(int time)
   5          {
   6   1          unsigned int i,j;
*** ERROR C100 IN LINE 6 OF lab1q6a.c: unprintable character 0xA0 skipped
*** ERROR C100 IN LINE 6 OF lab1q6a.c: unprintable character 0xA0 skipped
   7   1          for (i=0;i<time;i++)
*** ERROR C100 IN LINE 7 OF lab1q6a.c: unprintable character 0xA0 skipped
*** ERROR C100 IN LINE 7 OF lab1q6a.c: unprintable character 0xA0 skipped
   8   1              for (j=0;j<125;j++);
*** ERROR C100 IN LINE 8 OF lab1q6a.c: unprintable character 0xA0 skipped
*** ERROR C100 IN LINE 8 OF lab1q6a.c: unprintable character 0xA0 skipped
*** ERROR C100 IN LINE 8 OF lab1q6a.c: unprintable character 0xA0 skipped
*** ERROR C100 IN LINE 8 OF lab1q6a.c: unprintable character 0xA0 skipped
   9   1      }
  10          
  11          void main(void)
  12          {
  13   1          unsigned char i, j, temp;
*** ERROR C100 IN LINE 13 OF lab1q6a.c: unprintable character 0xA0 skipped
*** ERROR C100 IN LINE 13 OF lab1q6a.c: unprintable character 0xA0 skipped
  14   1          a[0] = 0xa5; a[1] = 0xfd; a[2] = 0x67;
*** ERROR C100 IN LINE 14 OF lab1q6a.c: unprintable character 0xA0 skipped
*** ERROR C100 IN LINE 14 OF lab1q6a.c: unprintable character 0xA0 skipped
  15   1          a[3] = 0x42; a[4] = 0xdf; a[5] = 0x9a;
*** ERROR C100 IN LINE 15 OF lab1q6a.c: unprintable character 0xA0 skipped
*** ERROR C100 IN LINE 15 OF lab1q6a.c: unprintable character 0xA0 skipped
  16   1          a[6] = 0x84; a[7] = 0x1b; a[8] = 0xc7;
*** ERROR C100 IN LINE 16 OF lab1q6a.c: unprintable character 0xA0 skipped
*** ERROR C100 IN LINE 16 OF lab1q6a.c: unprintable character 0xA0 skipped
  17   1          a[9] = 0x31;
*** ERROR C100 IN LINE 17 OF lab1q6a.c: unprintable character 0xA0 skipped
*** ERROR C100 IN LINE 17 OF lab1q6a.c: unprintable character 0xA0 skipped
  18   1          
*** ERROR C100 IN LINE 18 OF lab1q6a.c: unprintable character 0xA0 skipped
*** ERROR C100 IN LINE 18 OF lab1q6a.c: unprintable character 0xA0 skipped
  19   1          for(i=0;i<10;i++)
*** ERROR C100 IN LINE 19 OF lab1q6a.c: unprintable character 0xA0 skipped
*** ERROR C100 IN LINE 19 OF lab1q6a.c: unprintable character 0xA0 skipped
  20   1              for(j=0;j<i;j++)
*** ERROR C100 IN LINE 20 OF lab1q6a.c: unprintable character 0xA0 skipped
*** ERROR C100 IN LINE 20 OF lab1q6a.c: unprintable character 0xA0 skipped
*** ERROR C100 IN LINE 20 OF lab1q6a.c: unprintable character 0xA0 skipped
*** ERROR C100 IN LINE 20 OF lab1q6a.c: unprintable character 0xA0 skipped
  21   1                  if(a[j] > a[i])
*** ERROR C100 IN LINE 21 OF lab1q6a.c: unprintable character 0xA0 skipped
*** ERROR C100 IN LINE 21 OF lab1q6a.c: unprintable character 0xA0 skipped
*** ERROR C100 IN LINE 21 OF lab1q6a.c: unprintable character 0xA0 skipped
*** ERROR C100 IN LINE 21 OF lab1q6a.c: unprintable character 0xA0 skipped
*** ERROR C100 IN LINE 21 OF lab1q6a.c: unprintable character 0xA0 skipped
*** ERROR C100 IN LINE 21 OF lab1q6a.c: unprintable character 0xA0 skipped
  22   1                  {
*** ERROR C100 IN LINE 22 OF lab1q6a.c: unprintable character 0xA0 skipped
C51 COMPILER V9.50a   LAB1Q6A                                                              12/20/2021 13:09:39 PAGE 2   

*** ERROR C100 IN LINE 22 OF lab1q6a.c: unprintable character 0xA0 skipped
*** ERROR C100 IN LINE 22 OF lab1q6a.c: unprintable character 0xA0 skipped
*** ERROR C100 IN LINE 22 OF lab1q6a.c: unprintable character 0xA0 skipped
*** ERROR C100 IN LINE 22 OF lab1q6a.c: unprintable character 0xA0 skipped
*** ERROR C100 IN LINE 22 OF lab1q6a.c: unprintable character 0xA0 skipped
  23   2                      temp = a[i];
*** ERROR C100 IN LINE 23 OF lab1q6a.c: unprintable character 0xA0 skipped
*** ERROR C100 IN LINE 23 OF lab1q6a.c: unprintable character 0xA0 skipped
*** ERROR C100 IN LINE 23 OF lab1q6a.c: unprintable character 0xA0 skipped
*** ERROR C100 IN LINE 23 OF lab1q6a.c: unprintable character 0xA0 skipped
*** ERROR C100 IN LINE 23 OF lab1q6a.c: unprintable character 0xA0 skipped
*** ERROR C100 IN LINE 23 OF lab1q6a.c: unprintable character 0xA0 skipped
*** ERROR C100 IN LINE 23 OF lab1q6a.c: unprintable character 0xA0 skipped
*** ERROR C100 IN LINE 23 OF lab1q6a.c: unprintable character 0xA0 skipped
  24   2                      a[i] = a[j];
*** ERROR C100 IN LINE 24 OF lab1q6a.c: unprintable character 0xA0 skipped
*** ERROR C100 IN LINE 24 OF lab1q6a.c: unprintable character 0xA0 skipped
*** ERROR C100 IN LINE 24 OF lab1q6a.c: unprintable character 0xA0 skipped
*** ERROR C100 IN LINE 24 OF lab1q6a.c: unprintable character 0xA0 skipped
*** ERROR C100 IN LINE 24 OF lab1q6a.c: unprintable character 0xA0 skipped
*** ERROR C100 IN LINE 24 OF lab1q6a.c: unprintable character 0xA0 skipped
*** ERROR C100 IN LINE 24 OF lab1q6a.c: unprintable character 0xA0 skipped
*** ERROR C100 IN LINE 24 OF lab1q6a.c: unprintable character 0xA0 skipped
  25   2                      a[j] = temp;
*** ERROR C100 IN LINE 25 OF lab1q6a.c: unprintable character 0xA0 skipped
*** ERROR C100 IN LINE 25 OF lab1q6a.c: unprintable character 0xA0 skipped
*** ERROR C100 IN LINE 25 OF lab1q6a.c: unprintable character 0xA0 skipped
*** ERROR C100 IN LINE 25 OF lab1q6a.c: unprintable character 0xA0 skipped
*** ERROR C100 IN LINE 25 OF lab1q6a.c: unprintable character 0xA0 skipped
*** ERROR C100 IN LINE 25 OF lab1q6a.c: unprintable character 0xA0 skipped
*** ERROR C100 IN LINE 25 OF lab1q6a.c: unprintable character 0xA0 skipped
*** ERROR C100 IN LINE 25 OF lab1q6a.c: unprintable character 0xA0 skipped
  26   2                  }
*** ERROR C100 IN LINE 26 OF lab1q6a.c: unprintable character 0xA0 skipped
*** ERROR C100 IN LINE 26 OF lab1q6a.c: unprintable character 0xA0 skipped
*** ERROR C100 IN LINE 26 OF lab1q6a.c: unprintable character 0xA0 skipped
*** ERROR C100 IN LINE 26 OF lab1q6a.c: unprintable character 0xA0 skipped
*** ERROR C100 IN LINE 26 OF lab1q6a.c: unprintable character 0xA0 skipped
*** ERROR C100 IN LINE 26 OF lab1q6a.c: unprintable character 0xA0 skipped
  27   1                      
*** ERROR C100 IN LINE 27 OF lab1q6a.c: unprintable character 0xA0 skipped
*** ERROR C100 IN LINE 27 OF lab1q6a.c: unprintable character 0xA0 skipped
*** ERROR C100 IN LINE 27 OF lab1q6a.c: unprintable character 0xA0 skipped
*** ERROR C100 IN LINE 27 OF lab1q6a.c: unprintable character 0xA0 skipped
*** ERROR C100 IN LINE 27 OF lab1q6a.c: unprintable character 0xA0 skipped
*** ERROR C100 IN LINE 27 OF lab1q6a.c: unprintable character 0xA0 skipped
*** ERROR C100 IN LINE 27 OF lab1q6a.c: unprintable character 0xA0 skipped
*** ERROR C100 IN LINE 27 OF lab1q6a.c: unprintable character 0xA0 skipped
  28   1          while(1)
*** ERROR C100 IN LINE 28 OF lab1q6a.c: unprintable character 0xA0 skipped
*** ERROR C100 IN LINE 28 OF lab1q6a.c: unprintable character 0xA0 skipped
  29   1          {
*** ERROR C100 IN LINE 29 OF lab1q6a.c: unprintable character 0xA0 skipped
*** ERROR C100 IN LINE 29 OF lab1q6a.c: unprintable character 0xA0 skipped
  30   2              for( i = 0;i<10;i++)
*** ERROR C100 IN LINE 30 OF lab1q6a.c: unprintable character 0xA0 skipped
*** ERROR C100 IN LINE 30 OF lab1q6a.c: unprintable character 0xA0 skipped
*** ERROR C100 IN LINE 30 OF lab1q6a.c: unprintable character 0xA0 skipped
*** ERROR C100 IN LINE 30 OF lab1q6a.c: unprintable character 0xA0 skipped
  31   2              {
*** ERROR C100 IN LINE 31 OF lab1q6a.c: unprintable character 0xA0 skipped
*** ERROR C100 IN LINE 31 OF lab1q6a.c: unprintable character 0xA0 skipped
C51 COMPILER V9.50a   LAB1Q6A                                                              12/20/2021 13:09:39 PAGE 3   

*** ERROR C100 IN LINE 31 OF lab1q6a.c: unprintable character 0xA0 skipped
*** ERROR C100 IN LINE 31 OF lab1q6a.c: unprintable character 0xA0 skipped
  32   3                  P0 = a[i];
*** ERROR C100 IN LINE 32 OF lab1q6a.c: unprintable character 0xA0 skipped
*** ERROR C100 IN LINE 32 OF lab1q6a.c: unprintable character 0xA0 skipped
*** ERROR C100 IN LINE 32 OF lab1q6a.c: unprintable character 0xA0 skipped
*** ERROR C100 IN LINE 32 OF lab1q6a.c: unprintable character 0xA0 skipped
*** ERROR C100 IN LINE 32 OF lab1q6a.c: unprintable character 0xA0 skipped
*** ERROR C100 IN LINE 32 OF lab1q6a.c: unprintable character 0xA0 skipped
  33   3                  delay(1000);
*** ERROR C100 IN LINE 33 OF lab1q6a.c: unprintable character 0xA0 skipped
*** ERROR C100 IN LINE 33 OF lab1q6a.c: unprintable character 0xA0 skipped
*** ERROR C100 IN LINE 33 OF lab1q6a.c: unprintable character 0xA0 skipped
*** ERROR C100 IN LINE 33 OF lab1q6a.c: unprintable character 0xA0 skipped
*** ERROR C100 IN LINE 33 OF lab1q6a.c: unprintable character 0xA0 skipped
*** ERROR C100 IN LINE 33 OF lab1q6a.c: unprintable character 0xA0 skipped
  34   3              }
*** ERROR C100 IN LINE 34 OF lab1q6a.c: unprintable character 0xA0 skipped
*** ERROR C100 IN LINE 34 OF lab1q6a.c: unprintable character 0xA0 skipped
*** ERROR C100 IN LINE 34 OF lab1q6a.c: unprintable character 0xA0 skipped
*** ERROR C100 IN LINE 34 OF lab1q6a.c: unprintable character 0xA0 skipped
  35   2          }   
*** ERROR C100 IN LINE 35 OF lab1q6a.c: unprintable character 0xA0 skipped
*** ERROR C100 IN LINE 35 OF lab1q6a.c: unprintable character 0xA0 skipped
*** ERROR C100 IN LINE 35 OF lab1q6a.c: unprintable character 0xA0 skipped
  36   1      }

C51 COMPILATION COMPLETE.  0 WARNING(S),  107 ERROR(S)
