C51 COMPILER V9.50a   LAB1Q8                                                               12/20/2021 13:09:40 PAGE 1   


C51 COMPILER V9.50a, COMPILATION OF MODULE LAB1Q8
OBJECT MODULE PLACED IN lab1q8.OBJ
COMPILER INVOKED BY: C:\Keil\C51\BIN\C51.EXE lab1q8.c BROWSE DEBUG OBJECTEXTEND TABS(2)

line level    source

   1          #include<reg51.h>
   2          
   3          void delay(int time)
   4          {
   5   1          unsigned int i,j;
*** ERROR C100 IN LINE 5 OF lab1q8.c: unprintable character 0xA0 skipped
*** ERROR C100 IN LINE 5 OF lab1q8.c: unprintable character 0xA0 skipped
   6   1          for (i=0;i<time;i++)
*** ERROR C100 IN LINE 6 OF lab1q8.c: unprintable character 0xA0 skipped
*** ERROR C100 IN LINE 6 OF lab1q8.c: unprintable character 0xA0 skipped
   7   1              for (j=0;j<125;j++);
*** ERROR C100 IN LINE 7 OF lab1q8.c: unprintable character 0xA0 skipped
*** ERROR C100 IN LINE 7 OF lab1q8.c: unprintable character 0xA0 skipped
*** ERROR C100 IN LINE 7 OF lab1q8.c: unprintable character 0xA0 skipped
*** ERROR C100 IN LINE 7 OF lab1q8.c: unprintable character 0xA0 skipped
   8   1      }
   9          void main()
  10          {
  11   1          unsigned int a = 0x5;
*** ERROR C100 IN LINE 11 OF lab1q8.c: unprintable character 0xA0 skipped
*** ERROR C100 IN LINE 11 OF lab1q8.c: unprintable character 0xA0 skipped
  12   1          unsigned int fact = 0x1;
*** ERROR C100 IN LINE 12 OF lab1q8.c: unprintable character 0xA0 skipped
*** ERROR C100 IN LINE 12 OF lab1q8.c: unprintable character 0xA0 skipped
  13   1          unsigned char i;
*** ERROR C100 IN LINE 13 OF lab1q8.c: unprintable character 0xA0 skipped
*** ERROR C100 IN LINE 13 OF lab1q8.c: unprintable character 0xA0 skipped
  14   1          unsigned char x, d1, d2, d3;
*** ERROR C100 IN LINE 14 OF lab1q8.c: unprintable character 0xA0 skipped
*** ERROR C100 IN LINE 14 OF lab1q8.c: unprintable character 0xA0 skipped
  15   1          for(i = 0x1;i<=a;i++)
*** ERROR C100 IN LINE 15 OF lab1q8.c: unprintable character 0xA0 skipped
*** ERROR C100 IN LINE 15 OF lab1q8.c: unprintable character 0xA0 skipped
  16   1              fact *=i;
*** ERROR C100 IN LINE 16 OF lab1q8.c: unprintable character 0xA0 skipped
*** ERROR C100 IN LINE 16 OF lab1q8.c: unprintable character 0xA0 skipped
*** ERROR C100 IN LINE 16 OF lab1q8.c: unprintable character 0xA0 skipped
*** ERROR C100 IN LINE 16 OF lab1q8.c: unprintable character 0xA0 skipped
  17   1          x = fact / 0xa;
*** ERROR C100 IN LINE 17 OF lab1q8.c: unprintable character 0xA0 skipped
*** ERROR C100 IN LINE 17 OF lab1q8.c: unprintable character 0xA0 skipped
  18   1          d1 = fact % 0xa; //decimal LSB
*** ERROR C100 IN LINE 18 OF lab1q8.c: unprintable character 0xA0 skipped
*** ERROR C100 IN LINE 18 OF lab1q8.c: unprintable character 0xA0 skipped
  19   1          d2 = x % 0xa;
*** ERROR C100 IN LINE 19 OF lab1q8.c: unprintable character 0xA0 skipped
*** ERROR C100 IN LINE 19 OF lab1q8.c: unprintable character 0xA0 skipped
  20   1          d3 = x / 0xa;       //decimal MSB  
*** ERROR C100 IN LINE 20 OF lab1q8.c: unprintable character 0xA0 skipped
*** ERROR C100 IN LINE 20 OF lab1q8.c: unprintable character 0xA0 skipped
*** ERROR C100 IN LINE 20 OF lab1q8.c: unprintable character 0xA0 skipped
*** ERROR C100 IN LINE 20 OF lab1q8.c: unprintable character 0xA0 skipped
*** ERROR C100 IN LINE 20 OF lab1q8.c: unprintable character 0xA0 skipped
  21   1          while(1)
*** ERROR C100 IN LINE 21 OF lab1q8.c: unprintable character 0xA0 skipped
C51 COMPILER V9.50a   LAB1Q8                                                               12/20/2021 13:09:40 PAGE 2   

*** ERROR C100 IN LINE 21 OF lab1q8.c: unprintable character 0xA0 skipped
  22   1          {
*** ERROR C100 IN LINE 22 OF lab1q8.c: unprintable character 0xA0 skipped
*** ERROR C100 IN LINE 22 OF lab1q8.c: unprintable character 0xA0 skipped
  23   2              P0 = fact;
*** ERROR C100 IN LINE 23 OF lab1q8.c: unprintable character 0xA0 skipped
*** ERROR C100 IN LINE 23 OF lab1q8.c: unprintable character 0xA0 skipped
*** ERROR C100 IN LINE 23 OF lab1q8.c: unprintable character 0xA0 skipped
*** ERROR C100 IN LINE 23 OF lab1q8.c: unprintable character 0xA0 skipped
  24   2              delay(1000);
*** ERROR C100 IN LINE 24 OF lab1q8.c: unprintable character 0xA0 skipped
*** ERROR C100 IN LINE 24 OF lab1q8.c: unprintable character 0xA0 skipped
*** ERROR C100 IN LINE 24 OF lab1q8.c: unprintable character 0xA0 skipped
*** ERROR C100 IN LINE 24 OF lab1q8.c: unprintable character 0xA0 skipped
  25   2              P0 = d1;
*** ERROR C100 IN LINE 25 OF lab1q8.c: unprintable character 0xA0 skipped
*** ERROR C100 IN LINE 25 OF lab1q8.c: unprintable character 0xA0 skipped
*** ERROR C100 IN LINE 25 OF lab1q8.c: unprintable character 0xA0 skipped
*** ERROR C100 IN LINE 25 OF lab1q8.c: unprintable character 0xA0 skipped
  26   2              delay(1000);
*** ERROR C100 IN LINE 26 OF lab1q8.c: unprintable character 0xA0 skipped
*** ERROR C100 IN LINE 26 OF lab1q8.c: unprintable character 0xA0 skipped
*** ERROR C100 IN LINE 26 OF lab1q8.c: unprintable character 0xA0 skipped
*** ERROR C100 IN LINE 26 OF lab1q8.c: unprintable character 0xA0 skipped
  27   2              P0 = d2;
*** ERROR C100 IN LINE 27 OF lab1q8.c: unprintable character 0xA0 skipped
*** ERROR C100 IN LINE 27 OF lab1q8.c: unprintable character 0xA0 skipped
*** ERROR C100 IN LINE 27 OF lab1q8.c: unprintable character 0xA0 skipped
*** ERROR C100 IN LINE 27 OF lab1q8.c: unprintable character 0xA0 skipped
  28   2              delay(1000);
*** ERROR C100 IN LINE 28 OF lab1q8.c: unprintable character 0xA0 skipped
*** ERROR C100 IN LINE 28 OF lab1q8.c: unprintable character 0xA0 skipped
*** ERROR C100 IN LINE 28 OF lab1q8.c: unprintable character 0xA0 skipped
*** ERROR C100 IN LINE 28 OF lab1q8.c: unprintable character 0xA0 skipped
  29   2              P0 = d3;
*** ERROR C100 IN LINE 29 OF lab1q8.c: unprintable character 0xA0 skipped
*** ERROR C100 IN LINE 29 OF lab1q8.c: unprintable character 0xA0 skipped
*** ERROR C100 IN LINE 29 OF lab1q8.c: unprintable character 0xA0 skipped
*** ERROR C100 IN LINE 29 OF lab1q8.c: unprintable character 0xA0 skipped
  30   2              delay(1000);
*** ERROR C100 IN LINE 30 OF lab1q8.c: unprintable character 0xA0 skipped
*** ERROR C100 IN LINE 30 OF lab1q8.c: unprintable character 0xA0 skipped
*** ERROR C100 IN LINE 30 OF lab1q8.c: unprintable character 0xA0 skipped
*** ERROR C100 IN LINE 30 OF lab1q8.c: unprintable character 0xA0 skipped
  31   2          }
*** ERROR C100 IN LINE 31 OF lab1q8.c: unprintable character 0xA0 skipped
*** ERROR C100 IN LINE 31 OF lab1q8.c: unprintable character 0xA0 skipped
  32   1      }

C51 COMPILATION COMPLETE.  0 WARNING(S),  71 ERROR(S)
