A51 MACRO ASSEMBLER  LAB2Q1                                                               12/24/2021 14:39:23 PAGE     1


MACRO ASSEMBLER A51 V8.02b
OBJECT MODULE PLACED IN lab2Q1.OBJ
ASSEMBLER INVOKED BY: C:\Keil\C51\BIN\A51.EXE lab2Q1.asm SET(SMALL) DEBUG EP

LOC  OBJ            LINE     SOURCE

                       1     ;SINGLE DIGIT DECIMAL COUNTER 0 - 10 - 0
0000                   2                     ORG 00H
                       3                     
0000 75403F            4                     MOV 40H,#03FH
0003 754106            5                     MOV 41H,#06H
0006 75425B            6                     MOV 42H,#5BH
0009 75434F            7                     MOV 43H,#4FH
000C 754466            8                     MOV 44H,#66H
000F 75456D            9                     MOV 45H,#6DH
0012 75467D           10                     MOV 46H,#7DH
0015 754707           11                     MOV 47H,#07H
0018 75487F           12                     MOV 48H,#7FH
001B 75496F           13                     MOV 49H,#6FH
                      14                     
001E 75A001           15                     MOV P2,#01H
0021 7840             16     AGAIN:  MOV R0,#40H
0023 7A0A             17                     MOV R2,#0AH
0025 8680             18     C_INC:  MOV P0,@R0
0027 08               19                     INC R0
0028 1138             20                     ACALL DELAY
002A DAF9             21                     DJNZ R2,C_INC
002C 18               22                     DEC R0
                      23                     
002D 7A08             24                     MOV R2,#08H
002F 18               25     C_DEC:  DEC R0
0030 8680             26                     MOV P0,@R0
0032 1138             27                     ACALL DELAY
0034 DAF9             28                     DJNZ R2,C_DEC
0036 0121             29                     AJMP AGAIN
                      30                     
0038 7B05             31     DELAY:  MOV R3,#5
003A 7CFF             32     HERE1:  MOV R4,#255
003C 7DFF             33     HERE2:  MOV R5,#255
003E DDFE             34     HERE3:  DJNZ R5,HERE3
0040 DCFA             35                     DJNZ R4,HERE2
0042 DBF6             36                     DJNZ R3,HERE1
0044 22               37                     RET
                      38                     
                      39                     END
                                             
A51 MACRO ASSEMBLER  LAB2Q1                                                               12/24/2021 14:39:23 PAGE     2

SYMBOL TABLE LISTING
------ ----- -------


N A M E             T Y P E  V A L U E   ATTRIBUTES

AGAIN. . . . . . .  C ADDR   0021H   A   
C_DEC. . . . . . .  C ADDR   002FH   A   
C_INC. . . . . . .  C ADDR   0025H   A   
DELAY. . . . . . .  C ADDR   0038H   A   
HERE1. . . . . . .  C ADDR   003AH   A   
HERE2. . . . . . .  C ADDR   003CH   A   
HERE3. . . . . . .  C ADDR   003EH   A   
P0 . . . . . . . .  D ADDR   0080H   A   
P2 . . . . . . . .  D ADDR   00A0H   A   


REGISTER BANK(S) USED: 0 


ASSEMBLY COMPLETE.  0 WARNING(S), 0 ERROR(S)
