C51 COMPILER V9.50a   LAB2Q3                                                               12/24/2021 15:15:57 PAGE 1   


C51 COMPILER V9.50a, COMPILATION OF MODULE LAB2Q3
OBJECT MODULE PLACED IN lab2Q3.OBJ
COMPILER INVOKED BY: C:\Keil\C51\BIN\C51.EXE lab2Q3.c BROWSE DEBUG OBJECTEXTEND TABS(2)

line level    source

   1          #include <reg51.h>
   2          #define N 10  // no of terms of fibonacci sequence to be displayed (max = 12)
   3          unsigned char led_pattern[10] = { 0x3f, 0x06, 0x5b, 0x4f, 0x66, 0x6d, 0x7d, 0x07, 0x7f, 0x6f};
   4          
   5          void delay(int time)
   6          {
   7   1        unsigned int i,j;
   8   1        for (i=0;i<time;i++)
   9   1          for (j=0;j<125;j++);
  10   1      }
  11          
  12          void display(unsigned int i)
  13          {
  14   1        unsigned int j, led1, led2;
  15   1        led1 = i / 10;
  16   1        led2 = i % 10;
  17   1        for(j=0; j<10; j++)  // change limit of j for different delay
  18   1        {
  19   2          P2 = 0x1;
  20   2          P0 = led_pattern[led1];
  21   2          delay(40);
  22   2          
  23   2          P2 = 0x2;
  24   2          P0 = led_pattern[led2];
  25   2          delay(40);
  26   2        }
  27   1      }
  28          
  29          void main(void)
  30          {
  31   1        unsigned int i, fibo_seq[N] = {0 , 1};
  32   1        for(i=2; i<N; i++)
  33   1          fibo_seq[i] = fibo_seq[i-1] + fibo_seq[i-2];
  34   1        while(1)
  35   1          for(i=0; i<N; i++)
  36   1            display(fibo_seq[i]);
  37   1      }


MODULE INFORMATION:   STATIC OVERLAYABLE
   CODE SIZE        =    225    ----
   CONSTANT SIZE    =     20    ----
   XDATA SIZE       =   ----    ----
   PDATA SIZE       =   ----    ----
   DATA SIZE        =     10      26
   IDATA SIZE       =   ----    ----
   BIT SIZE         =   ----    ----
END OF MODULE INFORMATION.


C51 COMPILATION COMPLETE.  0 WARNING(S),  0 ERROR(S)
